<?xml version="1.0" encoding="UTF-8" ?>
<testsuite tests="1" failures="1" name="features.HelloTest" time="1.884" errors="0" skipped="0">
  <properties>
[...]
</properties>
  <testcase classname="features.HelloTest" name="hello" time="1.884">
    <failure type="java.lang.AssertionError">java.lang.AssertionError
	at features.HelloTest.hello(HelloTest.java:18)
	at sun.reflect.NativeMethodAccessorImpl.invoke0(Native Method)
	at sun.reflect.NativeMethodAccessorImpl.invoke(NativeMethodAccessorImpl.java:62)
	at sun.reflect.DelegatingMethodAccessorImpl.invoke(DelegatingMethodAccessorImpl.java:43)
	at java.lang.reflect.Method.invoke(Method.java:498)
	at org.noear.solon.core.wrap.MethodWrap.invoke(MethodWrap.java:197)
	at org.noear.solon.core.wrap.MethodWrap.doIntercept(MethodWrap.java:189)
	at org.noear.solon.core.aspect.InterceptorEntity.doIntercept(InterceptorEntity.java:34)
	at org.noear.solon.core.aspect.Invocation.invoke(Invocation.java:78)
	at org.noear.solon.core.wrap.MethodWrap.invokeByAspect(MethodWrap.java:213)
	at org.noear.solon.proxy.BeanInvocationHandler.invoke(BeanInvocationHandler.java:65)
	at features.HelloTest$$SolonAsmProxy.invokeInvocationHandler(Unknown Source)
	at features.HelloTest$$SolonAsmProxy.hello(Unknown Source)
	at sun.reflect.NativeMethodAccessorImpl.invoke0(Native Method)
	at sun.reflect.NativeMethodAccessorImpl.invoke(NativeMethodAccessorImpl.java:62)
	at sun.reflect.DelegatingMethodAccessorImpl.invoke(DelegatingMethodAccessorImpl.java:43)
	at java.lang.reflect.Method.invoke(Method.java:498)
	at org.junit.runners.model.FrameworkMethod$1.runReflectiveCall(FrameworkMethod.java:59)
	at org.junit.internal.runners.model.ReflectiveCallable.run(ReflectiveCallable.java:12)
	at org.junit.runners.model.FrameworkMethod.invokeExplosively(FrameworkMethod.java:56)
	at org.junit.internal.runners.statements.InvokeMethod.evaluate(InvokeMethod.java:17)
	at org.junit.runners.ParentRunner$3.evaluate(ParentRunner.java:306)
	at org.junit.runners.BlockJUnit4ClassRunner$1.evaluate(BlockJUnit4ClassRunner.java:100)
	at org.junit.runners.ParentRunner.runLeaf(ParentRunner.java:366)
	at org.junit.runners.BlockJUnit4ClassRunner.runChild(BlockJUnit4ClassRunner.java:103)
	at org.junit.runners.BlockJUnit4ClassRunner.runChild(BlockJUnit4ClassRunner.java:63)
	at org.junit.runners.ParentRunner$4.run(ParentRunner.java:331)
	at org.junit.runners.ParentRunner$1.schedule(ParentRunner.java:79)
	at org.junit.runners.ParentRunner.runChildren(ParentRunner.java:329)
	at org.junit.runners.ParentRunner.access$100(ParentRunner.java:66)
	at org.junit.runners.ParentRunner$2.evaluate(ParentRunner.java:293)
	at org.junit.runners.ParentRunner$3.evaluate(ParentRunner.java:306)
	at org.junit.runners.ParentRunner.run(ParentRunner.java:413)
	at org.apache.maven.surefire.junit4.JUnit4Provider.execute(JUnit4Provider.java:252)
	at org.apache.maven.surefire.junit4.JUnit4Provider.executeTestSet(JUnit4Provider.java:141)
	at org.apache.maven.surefire.junit4.JUnit4Provider.invoke(JUnit4Provider.java:112)
	at sun.reflect.NativeMethodAccessorImpl.invoke0(Native Method)
	at sun.reflect.NativeMethodAccessorImpl.invoke(NativeMethodAccessorImpl.java:62)
	at sun.reflect.DelegatingMethodAccessorImpl.invoke(DelegatingMethodAccessorImpl.java:43)
	at java.lang.reflect.Method.invoke(Method.java:498)
	at org.apache.maven.surefire.util.ReflectionUtils.invokeMethodWithArray(ReflectionUtils.java:189)
	at org.apache.maven.surefire.booter.ProviderFactory$ProviderProxy.invoke(ProviderFactory.java:165)
	at org.apache.maven.surefire.booter.ProviderFactory.invokeProvider(ProviderFactory.java:85)
	at org.apache.maven.surefire.booter.ForkedBooter.runSuitesInProcess(ForkedBooter.java:115)
	at org.apache.maven.surefire.booter.ForkedBooter.main(ForkedBooter.java:75)
</failure>
    <system-out>[Solon] App: Start loading
[Solon] jar:file:/C:/Users/guyih/.m2/repository/org/noear/solon.data/2.2.6/solon.data-2.2.6.jar!/META-INF/solon/solon.data.properties
[Solon] jar:file:/C:/Users/guyih/.m2/repository/org/noear/solon.proxy/2.2.6/solon.proxy-2.2.6.jar!/META-INF/solon/solon.proxy.properties
[Solon] jar:file:/C:/Users/guyih/.m2/repository/org/noear/solon.validation/2.2.6/solon.validation-2.2.6.jar!/META-INF/solon/solon.validation.properties
[Solon] jar:file:/C:/Users/guyih/.m2/repository/org/noear/solon.serialization.snack3/2.2.6/solon.serialization.snack3-2.2.6.jar!/META-INF/solon/solon.serialization.snack3.properties
[Solon] jar:file:/C:/Users/guyih/.m2/repository/org/noear/solon.boot.jlhttp/2.2.6/solon.boot.jlhttp-2.2.6.jar!/META-INF/solon/solon.boot.jlhttp.properties
[Solon] jar:file:/C:/Users/guyih/.m2/repository/org/noear/solon.web.staticfiles/2.2.6/solon.web.staticfiles-2.2.6.jar!/META-INF/solon/solon.web.staticfiles.properties
[Solon] App: Plugin starting
[Solon] App: Bean scanning
[Solon] View: mapping: @json=StringSerializerRender#SnackSerializer
[Solon] View: mapping: @type_json=StringSerializerRender#SnackSerializer
[Solon] Server:main: JlHttpServer 2.6(jlhttp)
[Solon] Connector:main: jlhttp: Started ServerConnector@{HTTP/1.1,[http/1.1]}{http://localhost:8888}
[Solon] Server:main: jlhttp: Started @6ms
[Solon] App: End loading elapsed=228ms pid=804 v=2.2.6
[Solon] proxy class:features.HelloTest$$SolonAsmProxy
http://localhost:8888/hello?name=world:: 
</system-out>
  </testcase>
</testsuite>